<?xml version="1.0" encoding="UTF-8"?>
<!-- Generated by org.testng.reporters.JUnitXMLReporter -->
<testsuite ignored="0" hostname="DESKTOP-J1HQF9G" failures="0" tests="3" name="Default test" time="0.177" errors="0" timestamp="2023-08-04T16:26:08 GMT-05:00">
  <testcase classname="test1.verificationofHomepage" name="@BeforeTest lanchBrower" time="-1.691184368736E9">
    <failure type="org.testng.TestNGException" message="
Parameter &amp;apos;browername&amp;apos; is required by BeforeTest on method lanchBrower but has not been marked @Optional or defined
in C:\Users\hp\AppData\Local\Temp\testng-eclipse-1416843520\testng-customsuite.xml">
      <![CDATA[org.testng.TestNGException: 
Parameter 'browername' is required by BeforeTest on method lanchBrower but has not been marked @Optional or defined
in C:\Users\hp\AppData\Local\Temp\testng-eclipse-1416843520\testng-customsuite.xml
at org.testng.internal.Parameters.createParams(Parameters.java:267)
at org.testng.internal.Parameters.createParametersForMethod(Parameters.java:355)
at org.testng.internal.Parameters.createParameters(Parameters.java:684)
at org.testng.internal.Parameters.createConfigurationParameters(Parameters.java:166)
at org.testng.internal.invokers.ConfigInvoker.invokeConfigurations(ConfigInvoker.java:306)
at org.testng.TestRunner.invokeTestConfigurations(TestRunner.java:663)
at org.testng.TestRunner.beforeRun(TestRunner.java:652)
at org.testng.TestRunner.run(TestRunner.java:614)
at org.testng.SuiteRunner.runTest(SuiteRunner.java:443)
at org.testng.SuiteRunner.runSequentially(SuiteRunner.java:437)
at org.testng.SuiteRunner.privateRun(SuiteRunner.java:397)
at org.testng.SuiteRunner.run(SuiteRunner.java:336)
at org.testng.SuiteRunnerWorker.runSuite(SuiteRunnerWorker.java:52)
at org.testng.SuiteRunnerWorker.run(SuiteRunnerWorker.java:95)
at org.testng.TestNG.runSuitesSequentially(TestNG.java:1280)
at org.testng.TestNG.runSuitesLocally(TestNG.java:1200)
at org.testng.TestNG.runSuites(TestNG.java:1114)
at org.testng.TestNG.run(TestNG.java:1082)
at org.testng.remote.AbstractRemoteTestNG.run(AbstractRemoteTestNG.java:115)
at org.testng.remote.RemoteTestNG.initAndRun(RemoteTestNG.java:251)
at org.testng.remote.RemoteTestNG.main(RemoteTestNG.java:77)
]]>
    </failure>
  </testcase> <!-- @BeforeTest lanchBrower -->
  <testcase classname="test1.verificationofHomepage" name="@BeforeClass CreatePOMobjt" time="0.0">
    <skipped/>
  </testcase> <!-- @BeforeClass CreatePOMobjt -->
  <testcase classname="test1.verificationofHomepage" name="@BeforeMethod LoginintoApplication" time="0.0">
    <skipped/>
  </testcase> <!-- @BeforeMethod LoginintoApplication -->
  <testcase classname="test1.verificationofHomepage" name="@AfterMethod aftermethod" time="0.0">
    <skipped/>
  </testcase> <!-- @AfterMethod aftermethod -->
  <testcase classname="test1.verificationofHomepage" name="@BeforeMethod LoginintoApplication" time="0.0">
    <skipped/>
  </testcase> <!-- @BeforeMethod LoginintoApplication -->
  <testcase classname="test1.verificationofHomepage" name="@AfterMethod aftermethod" time="0.0">
    <skipped/>
  </testcase> <!-- @AfterMethod aftermethod -->
  <testcase classname="test1.verificationofHomepage" name="@BeforeMethod LoginintoApplication" time="0.0">
    <skipped/>
  </testcase> <!-- @BeforeMethod LoginintoApplication -->
  <testcase classname="test1.verificationofHomepage" name="@AfterMethod aftermethod" time="0.0">
    <skipped/>
  </testcase> <!-- @AfterMethod aftermethod -->
  <testcase classname="test1.verificationofHomepage" name="@AfterClass afterclass" time="0.0">
    <skipped/>
  </testcase> <!-- @AfterClass afterclass -->
  <testcase classname="test1.verificationofHomepage" name="@AfterTest closeBrowser" time="0.0">
    <skipped/>
  </testcase> <!-- @AfterTest closeBrowser -->
  <testcase classname="test1.verificationofHomepage" name="To_clickon_TaskButton" time="0.001">
    <skipped/>
  </testcase> <!-- To_clickon_TaskButton -->
  <testcase classname="test1.verificationofHomepage" name="To_click_and_verifiy_Reportbutton" time="0.0">
    <skipped/>
  </testcase> <!-- To_click_and_verifiy_Reportbutton -->
  <testcase classname="test1.verificationofHomepage" name="click_and_verify_userbutton" time="0.0">
    <skipped/>
  </testcase> <!-- click_and_verify_userbutton -->
</testsuite> <!-- Default test -->
