<?xml version="1.0" encoding="UTF-8"?>
<!-- Generated by org.testng.reporters.JUnitXMLReporter -->
<testsuite ignored="1" hostname="DESKTOP-J1HQF9G" failures="1" tests="2" name="chrome" time="36.378" errors="0" timestamp="2023-08-04T17:48:06 GMT-05:00">
  <testcase classname="test1.verificationofHomepage" name="To_clickon_TaskButton" time="14.097"/>
  <testcase classname="test1.verificationofHomepage" name="click_and_verify_userbutton" time="2.917">
    <failure type="java.lang.AssertionError" message="null">
      <![CDATA[java.lang.AssertionError: null
at test1.verificationofHomepage.click_and_verify_userbutton(verificationofHomepage.java:116)
at java.base/java.util.ArrayList.forEach(ArrayList.java:1511)
at java.base/java.util.concurrent.FutureTask.run(FutureTask.java:317)
at java.base/java.util.concurrent.ThreadPoolExecutor.runWorker(ThreadPoolExecutor.java:1144)
at java.base/java.util.concurrent.ThreadPoolExecutor$Worker.run(ThreadPoolExecutor.java:642)
at java.base/java.lang.Thread.run(Thread.java:1623)
... Removed 17 stack frames]]>
    </failure>
  </testcase> <!-- click_and_verify_userbutton -->
  <testcase classname="test1.verificationofHomepage" name="To_click_and_verifiy_Reportbutton" time="0.0">
    <ignored/>
  </testcase> <!-- To_click_and_verifiy_Reportbutton -->
</testsuite> <!-- chrome -->
