<?xml version="1.0" encoding="UTF-8"?>
<!-- Generated by org.testng.reporters.JUnitXMLReporter -->
<testsuite ignored="2" hostname="DESKTOP-J1HQF9G" failures="0" tests="1" name="chromeBrowser" time="0.175" errors="0" timestamp="2023-08-02T16:54:21 GMT-05:00">
  <testcase classname="test1.verificationofHomepage" name="@BeforeTest lanchBrower" time="0.053">
    <failure type="java.lang.NullPointerException" message="Cannot invoke &amp;quot;org.openqa.selenium.WebDriver.manage()&amp;quot; because &amp;quot;this.d&amp;quot; is null">
      <![CDATA[java.lang.NullPointerException: Cannot invoke "org.openqa.selenium.WebDriver.manage()" because "this.d" is null
at test1.verificationofHomepage.lanchBrower(verificationofHomepage.java:48)
... Removed 22 stack frames]]>
    </failure>
  </testcase> <!-- @BeforeTest lanchBrower -->
  <testcase classname="test1.verificationofHomepage" name="@BeforeClass CreatePOMobjt" time="0.0">
    <skipped/>
  </testcase> <!-- @BeforeClass CreatePOMobjt -->
  <testcase classname="test1.verificationofHomepage" name="@BeforeMethod LoginintoApplication" time="0.0">
    <skipped/>
  </testcase> <!-- @BeforeMethod LoginintoApplication -->
  <testcase classname="test1.verificationofHomepage" name="@AfterMethod aftermethod" time="0.0">
    <skipped/>
  </testcase> <!-- @AfterMethod aftermethod -->
  <testcase classname="test1.verificationofHomepage" name="@AfterClass afterclass" time="0.0">
    <skipped/>
  </testcase> <!-- @AfterClass afterclass -->
  <testcase classname="test1.verificationofHomepage" name="@AfterTest closeBrowser" time="0.0">
    <skipped/>
  </testcase> <!-- @AfterTest closeBrowser -->
  <testcase classname="test1.verificationofHomepage" name="To_clickon_TaskButton" time="0.0">
    <skipped/>
  </testcase> <!-- To_clickon_TaskButton -->
  <testcase classname="test1.verificationofHomepage" name="To_click_and_verifiy_Reportbutton" time="0.0">
    <ignored/>
  </testcase> <!-- To_click_and_verifiy_Reportbutton -->
  <testcase classname="test1.verificationofHomepage" name="click_and_verify_userbutton" time="0.0">
    <ignored/>
  </testcase> <!-- click_and_verify_userbutton -->
</testsuite> <!-- chromeBrowser -->
