<?xml version="1.0" encoding="UTF-8"?>
<testng-results ignored="0" total="3" passed="2" failed="1" skipped="0">
  <reporter-output>
  </reporter-output>
  <suite started-at="2023-08-04T17:47:30 GMT-05:00" name="Suite" finished-at="2023-08-04T17:48:06 GMT-05:00" duration-ms="36378">
    <groups>
    </groups>
    <test started-at="2023-08-04T17:47:30 GMT-05:00" name="firefox" finished-at="2023-08-04T17:47:55 GMT-05:00" duration-ms="24549">
      <class name="test1.verificationofHomepage">
        <test-method is-config="true" signature="lanchBrower(java.lang.String)[pri:0, instance:test1.verificationofHomepage@6c40365c]" started-at="2023-08-04T17:47:30 GMT-05:00" name="lanchBrower" finished-at="2023-08-04T17:47:39 GMT-05:00" duration-ms="8661" status="PASS">
          <params>
            <param index="0">
              <value>
                <![CDATA[FireFox]]>
              </value>
            </param>
          </params>
          <reporter-output>
          </reporter-output>
        </test-method> <!-- lanchBrower -->
        <test-method is-config="true" signature="CreatePOMobjt()[pri:0, instance:test1.verificationofHomepage@6c40365c]" started-at="2023-08-04T17:47:39 GMT-05:00" name="CreatePOMobjt" finished-at="2023-08-04T17:47:39 GMT-05:00" duration-ms="4" status="PASS">
          <reporter-output>
          </reporter-output>
        </test-method> <!-- CreatePOMobjt -->
        <test-method is-config="true" signature="LoginintoApplication()[pri:0, instance:test1.verificationofHomepage@6c40365c]" started-at="2023-08-04T17:47:39 GMT-05:00" name="LoginintoApplication" finished-at="2023-08-04T17:47:46 GMT-05:00" duration-ms="7347" status="PASS">
          <reporter-output>
          </reporter-output>
        </test-method> <!-- LoginintoApplication -->
        <test-method signature="To_clickon_TaskButton()[pri:0, instance:test1.verificationofHomepage@6c40365c]" started-at="2023-08-04T17:47:46 GMT-05:00" name="To_clickon_TaskButton" finished-at="2023-08-04T17:47:51 GMT-05:00" duration-ms="4502" status="PASS">
          <reporter-output>
          </reporter-output>
        </test-method> <!-- To_clickon_TaskButton -->
        <test-method is-config="true" signature="aftermethod(org.testng.ITestResult)[pri:0, instance:test1.verificationofHomepage@6c40365c]" started-at="2023-08-04T17:47:51 GMT-05:00" name="aftermethod" finished-at="2023-08-04T17:47:51 GMT-05:00" duration-ms="293" status="PASS">
          <params>
            <param index="0">
              <value>
                <![CDATA[[TestResult name=To_clickon_TaskButton status=SUCCESS method=verificationofHomepage.To_clickon_TaskButton()[pri:0, instance:test1.verificationofHomepage@6c40365c] output={null}]]]>
              </value>
            </param>
          </params>
          <reporter-output>
          </reporter-output>
        </test-method> <!-- aftermethod -->
        <test-method is-config="true" signature="afterclass()[pri:0, instance:test1.verificationofHomepage@6c40365c]" started-at="2023-08-04T17:47:51 GMT-05:00" name="afterclass" finished-at="2023-08-04T17:47:51 GMT-05:00" duration-ms="0" status="PASS">
          <reporter-output>
          </reporter-output>
        </test-method> <!-- afterclass -->
        <test-method is-config="true" signature="closeBrowser()[pri:0, instance:test1.verificationofHomepage@6c40365c]" started-at="2023-08-04T17:47:51 GMT-05:00" name="closeBrowser" finished-at="2023-08-04T17:47:55 GMT-05:00" duration-ms="3667" status="PASS">
          <reporter-output>
          </reporter-output>
        </test-method> <!-- closeBrowser -->
      </class> <!-- test1.verificationofHomepage -->
    </test> <!-- firefox -->
    <test started-at="2023-08-04T17:47:30 GMT-05:00" name="chrome" finished-at="2023-08-04T17:48:06 GMT-05:00" duration-ms="36378">
      <class name="test1.verificationofHomepage">
        <test-method is-config="true" signature="lanchBrower(java.lang.String)[pri:0, instance:test1.verificationofHomepage@7dcf94f8]" started-at="2023-08-04T17:47:30 GMT-05:00" name="lanchBrower" finished-at="2023-08-04T17:47:33 GMT-05:00" duration-ms="2609" status="PASS">
          <params>
            <param index="0">
              <value>
                <![CDATA[Chrome]]>
              </value>
            </param>
          </params>
          <reporter-output>
          </reporter-output>
        </test-method> <!-- lanchBrower -->
        <test-method is-config="true" signature="CreatePOMobjt()[pri:0, instance:test1.verificationofHomepage@7dcf94f8]" started-at="2023-08-04T17:47:33 GMT-05:00" name="CreatePOMobjt" finished-at="2023-08-04T17:47:33 GMT-05:00" duration-ms="77" status="PASS">
          <reporter-output>
          </reporter-output>
        </test-method> <!-- CreatePOMobjt -->
        <test-method is-config="true" signature="LoginintoApplication()[pri:0, instance:test1.verificationofHomepage@7dcf94f8]" started-at="2023-08-04T17:47:33 GMT-05:00" name="LoginintoApplication" finished-at="2023-08-04T17:47:41 GMT-05:00" duration-ms="8681" status="PASS">
          <reporter-output>
          </reporter-output>
        </test-method> <!-- LoginintoApplication -->
        <test-method signature="To_clickon_TaskButton()[pri:0, instance:test1.verificationofHomepage@7dcf94f8]" started-at="2023-08-04T17:47:42 GMT-05:00" name="To_clickon_TaskButton" finished-at="2023-08-04T17:47:56 GMT-05:00" duration-ms="14097" status="PASS">
          <reporter-output>
          </reporter-output>
        </test-method> <!-- To_clickon_TaskButton -->
        <test-method is-config="true" signature="aftermethod(org.testng.ITestResult)[pri:0, instance:test1.verificationofHomepage@7dcf94f8]" started-at="2023-08-04T17:47:56 GMT-05:00" name="aftermethod" finished-at="2023-08-04T17:47:58 GMT-05:00" duration-ms="2408" status="PASS">
          <params>
            <param index="0">
              <value>
                <![CDATA[[TestResult name=To_clickon_TaskButton status=SUCCESS method=verificationofHomepage.To_clickon_TaskButton()[pri:0, instance:test1.verificationofHomepage@7dcf94f8] output={null}]]]>
              </value>
            </param>
          </params>
          <reporter-output>
          </reporter-output>
        </test-method> <!-- aftermethod -->
        <test-method is-config="true" signature="LoginintoApplication()[pri:0, instance:test1.verificationofHomepage@7dcf94f8]" started-at="2023-08-04T17:47:58 GMT-05:00" name="LoginintoApplication" finished-at="2023-08-04T17:48:00 GMT-05:00" duration-ms="2244" status="PASS">
          <reporter-output>
          </reporter-output>
        </test-method> <!-- LoginintoApplication -->
        <test-method signature="click_and_verify_userbutton()[pri:2, instance:test1.verificationofHomepage@7dcf94f8]" started-at="2023-08-04T17:48:00 GMT-05:00" name="click_and_verify_userbutton" finished-at="2023-08-04T17:48:03 GMT-05:00" duration-ms="2917" status="FAIL">
          <exception class="java.lang.AssertionError">
            <message>
              <![CDATA[null]]>
            </message>
            <full-stacktrace>
              <![CDATA[java.lang.AssertionError: null
at org.testng.Assert.fail(Assert.java:111)
at org.testng.Assert.fail(Assert.java:116)
at test1.verificationofHomepage.click_and_verify_userbutton(verificationofHomepage.java:116)
at java.base/jdk.internal.reflect.DirectMethodHandleAccessor.invoke(DirectMethodHandleAccessor.java:104)
at java.base/java.lang.reflect.Method.invoke(Method.java:578)
at org.testng.internal.invokers.MethodInvocationHelper.invokeMethod(MethodInvocationHelper.java:139)
at org.testng.internal.invokers.TestInvoker.invokeMethod(TestInvoker.java:664)
at org.testng.internal.invokers.TestInvoker.invokeTestMethod(TestInvoker.java:227)
at org.testng.internal.invokers.MethodRunner.runInSequence(MethodRunner.java:50)
at org.testng.internal.invokers.TestInvoker$MethodInvocationAgent.invoke(TestInvoker.java:957)
at org.testng.internal.invokers.TestInvoker.invokeTestMethods(TestInvoker.java:200)
at org.testng.internal.invokers.TestMethodWorker.invokeTestMethods(TestMethodWorker.java:148)
at org.testng.internal.invokers.TestMethodWorker.run(TestMethodWorker.java:128)
at java.base/java.util.ArrayList.forEach(ArrayList.java:1511)
at org.testng.TestRunner.privateRun(TestRunner.java:848)
at org.testng.TestRunner.run(TestRunner.java:621)
at org.testng.SuiteRunner.runTest(SuiteRunner.java:443)
at org.testng.SuiteRunner$SuiteWorker.run(SuiteRunner.java:481)
at org.testng.internal.thread.ThreadUtil.lambda$execute$0(ThreadUtil.java:58)
at java.base/java.util.concurrent.FutureTask.run(FutureTask.java:317)
at java.base/java.util.concurrent.ThreadPoolExecutor.runWorker(ThreadPoolExecutor.java:1144)
at java.base/java.util.concurrent.ThreadPoolExecutor$Worker.run(ThreadPoolExecutor.java:642)
at java.base/java.lang.Thread.run(Thread.java:1623)
]]>
            </full-stacktrace>
          </exception> <!-- java.lang.AssertionError -->
          <reporter-output>
          </reporter-output>
        </test-method> <!-- click_and_verify_userbutton -->
        <test-method is-config="true" signature="aftermethod(org.testng.ITestResult)[pri:0, instance:test1.verificationofHomepage@7dcf94f8]" started-at="2023-08-04T17:48:03 GMT-05:00" name="aftermethod" finished-at="2023-08-04T17:48:06 GMT-05:00" duration-ms="2645" status="PASS">
          <params>
            <param index="0">
              <value>
                <![CDATA[[TestResult name=click_and_verify_userbutton status=FAILURE method=verificationofHomepage.click_and_verify_userbutton()[pri:2, instance:test1.verificationofHomepage@7dcf94f8] output={null}]]]>
              </value>
            </param>
          </params>
          <reporter-output>
          </reporter-output>
        </test-method> <!-- aftermethod -->
        <test-method is-config="true" signature="afterclass()[pri:0, instance:test1.verificationofHomepage@7dcf94f8]" started-at="2023-08-04T17:48:06 GMT-05:00" name="afterclass" finished-at="2023-08-04T17:48:06 GMT-05:00" duration-ms="5" status="PASS">
          <reporter-output>
          </reporter-output>
        </test-method> <!-- afterclass -->
        <test-method is-config="true" signature="closeBrowser()[pri:0, instance:test1.verificationofHomepage@7dcf94f8]" started-at="2023-08-04T17:48:06 GMT-05:00" name="closeBrowser" finished-at="2023-08-04T17:48:06 GMT-05:00" duration-ms="585" status="PASS">
          <reporter-output>
          </reporter-output>
        </test-method> <!-- closeBrowser -->
      </class> <!-- test1.verificationofHomepage -->
    </test> <!-- chrome -->
  </suite> <!-- Suite -->
</testng-results>
